Running: D:\ISE\Xilinx\14.7\ISE_DS\ISE\bin\nt64\unwrapped\fuse.exe -intstyle ise -incremental -lib unisims_ver -lib unimacro_ver -lib xilinxcorelib_ver -lib secureip -o C:/Users/41616/Desktop/AIgoBang/coursedesign-master/testaigomo_isim_beh.exe -prj C:/Users/41616/Desktop/AIgoBang/coursedesign-master/testaigomo_beh.prj work.testaigomo work.glbl 
ISim P.20131013 (signature 0x7708f090)
Number of CPUs detected in this system: 8
Turning on mult-threading, number of parallel sub-compilation jobs: 16 
Determining compilation order of HDL files
Analyzing Verilog file "C:/Users/41616/Desktop/AIgoBang/coursedesign-master/judgeChessForm.v" into library work
Analyzing Verilog file "C:/Users/41616/Desktop/AIgoBang/coursedesign-master/evaluate.v" into library work
Analyzing Verilog file "C:/Users/41616/Desktop/AIgoBang/coursedesign-master/aiGo.v" into library work
Analyzing Verilog file "C:/Users/41616/Desktop/AIgoBang/coursedesign-master/testaigomo.v" into library work
Analyzing Verilog file "D:/ISE/Xilinx/14.7/ISE_DS/ISE//verilog/src/glbl.v" into library work
Starting static elaboration
Completed static elaboration
Compiling module judgeChessForm
Compiling module evaluate
Compiling module aiGo
Compiling module testaigomo
Compiling module glbl
Time Resolution for simulation is 1ps.
Compiled 5 Verilog Units
Built simulation executable C:/Users/41616/Desktop/AIgoBang/coursedesign-master/testaigomo_isim_beh.exe
Fuse Memory Usage: 29756 KB
Fuse CPU Usage: 515 ms
