INFO:sim:172 - Generating IP...
Resolving generics for 'rom_cb'...
Applying external generics to 'rom_cb'...
Delivering associated files for 'rom_cb'...
Delivering EJava files for 'rom_cb'...
Generating implementation netlist for 'rom_cb'...
INFO:sim - Pre-processing HDL files for 'rom_cb'...
Running synthesis for 'rom_cb'
Running ngcbuild...
Writing VEO instantiation template for 'rom_cb'...
Writing Verilog behavioral simulation model for 'rom_cb'...
WARNING:sim - Overwriting existing file
   D:/iseproj/coursedesign/ipcore_dir/tmp/_cg/rom_cb/doc/blk_mem_gen_v7_3_vinfo.
   html with file from view xilinx_documentation
Delivered 1 file into directory
D:/iseproj/coursedesign/ipcore_dir/tmp/_cg/rom_cb
Generating ASY schematic symbol...
INFO:sim:949 - Finished generation of ASY schematic symbol.
Generating SYM schematic symbol for 'rom_cb'...
Generating metadata file...
Regenerating ISE project file for 'rom_cb'...
Generating ISE project...
XCO file found: rom_cb.xco
XMDF file found: rom_cb_xmdf.tcl
Adding D:/iseproj/coursedesign/ipcore_dir/tmp/_cg/rom_cb.asy -view all
-origin_type imported
Adding D:/iseproj/coursedesign/ipcore_dir/tmp/_cg/rom_cb.ngc -view all
-origin_type created
Checking file "D:/iseproj/coursedesign/ipcore_dir/tmp/_cg/rom_cb.ngc" for
project device match ...
File "D:/iseproj/coursedesign/ipcore_dir/tmp/_cg/rom_cb.ngc" device information
matches project device.
Adding D:/iseproj/coursedesign/ipcore_dir/tmp/_cg/rom_cb.sym -view all
-origin_type imported
Adding D:/iseproj/coursedesign/ipcore_dir/tmp/_cg/rom_cb.v -view all
-origin_type created
INFO:HDLCompiler:1845 - Analyzing Verilog file
   "D:/iseproj/coursedesign/ipcore_dir/tmp/_cg/rom_cb.v" into library work
INFO:ProjectMgmt - Parsing design hierarchy completed successfully.
Adding D:/iseproj/coursedesign/ipcore_dir/tmp/_cg/rom_cb.veo -view all
-origin_type imported
INFO:TclTasksC:2116 - The automatic calculation of top has been turned-off.
   Please set the new top explicitly by running the "project set top" command.
   To re-calculate the new top automatically, set the "Auto Implementation Top"
   property to true.
Top level has been set to "/rom_cb"
Generating README file...
Generating FLIST file...
INFO:sim:948 - Finished FLIST file generation.
Launching README viewer...
Moving files to output directory...
Finished moving files to output directory
Wrote CGP file for project 'rom_cb'.
